<?xml version="1.0" encoding="UTF-8"?>
<!-- Generated by org.testng.reporters.JUnitReportReporter -->
<testsuite hostname="DESKTOP-60OAMIE" failures="0" tests="1" name="cucumberOptions.TestRunner_TestNG" time="241.904" errors="0" timestamp="2022-05-17T14:36:45 IST" skipped="0">
  <testcase classname="cucumberOptions.TestRunner_TestNG" name="runScenario" time="241.904"/>
  <system-out/>
</testsuite> <!-- cucumberOptions.TestRunner_TestNG -->
