<?xml version="1.0" encoding="UTF-8"?>
<!-- Generated by org.testng.reporters.JUnitReportReporter -->
<testsuite hostname="DESKTOP-60OAMIE" failures="0" tests="2" name="Automation.EndToEndFramework.HomePageTest" time="118.791" errors="0" timestamp="2022-04-26T14:45:12 IST" skipped="0">
  <testcase classname="Automation.EndToEndFramework.HomePageTest" name="basePageNabigation" time="96.547"/>
  <system-out/>
  <testcase classname="Automation.EndToEndFramework.HomePageTest" name="basePageNabigation" time="22.244"/>
  <system-out/>
</testsuite> <!-- Automation.EndToEndFramework.HomePageTest -->
