<?xml version="1.0" encoding="UTF-8"?>
<!-- Generated by org.testng.reporters.JUnitReportReporter -->
<testsuite hostname="DESKTOP-60OAMIE" failures="0" tests="1" name="Automation.EndToEndFramework.HomePage" time="27.332" errors="0" timestamp="2022-04-23T23:29:32 IST" skipped="0">
  <testcase classname="Automation.EndToEndFramework.HomePage" name="basePageNabigation" time="27.332"/>
  <system-out/>
</testsuite> <!-- Automation.EndToEndFramework.HomePage -->
