<?xml version="1.0" encoding="UTF-8"?>
<!-- Generated by org.testng.reporters.JUnitReportReporter -->
<testsuite hostname="DESKTOP-60OAMIE" failures="0" tests="1" name="Automation.EndToEndFramework.CoursesPageTest" time="43.173" errors="0" timestamp="2022-04-26T14:45:12 IST" skipped="0">
  <testcase classname="Automation.EndToEndFramework.CoursesPageTest" name="coursePageNavigation" time="43.173"/>
  <system-out/>
</testsuite> <!-- Automation.EndToEndFramework.CoursesPageTest -->
